Unity Editor version:    2020.3.32f1 (12f8b0834f07)
Branch:                  2020.3/staging
Build type:              Release
Batch mode:              YES
macOS version:           Version 11.5.2 (Build 20G95)
Darwin version:          20.6.0
Architecture:            x86_64
Running under Rosetta:   NO
Available memory:        16384 MB
Using pre-set license
Pro License: NO

COMMAND LINE ARGUMENTS:
/Applications/Unity/Hub/Editor/2020.3.32f1/Unity.app/Contents/MacOS/Unity
-adb2
-batchMode
-noUpm
-name
AssetImportWorker0
-projectPath
/Users/estabrook/Documents/KillBury
-logFile
Logs/AssetImportWorker0.log
-srvPort
50121
Successfully changed project path to: /Users/estabrook/Documents/KillBury
/Users/estabrook/Documents/KillBury
Using Asset Import Pipeline V2.
Refreshing native plugins compatible for Editor in 50.44 ms, found 3 plugins.
Preloading 0 native plugins for Editor in 0.00 ms.
Initialize engine version: 2020.3.32f1 (12f8b0834f07)
[Subsystems] Discovering subsystems at path /Applications/Unity/Hub/Editor/2020.3.32f1/Unity.app/Contents/Resources/UnitySubsystems
[Subsystems] Discovering subsystems at path /Users/estabrook/Documents/KillBury/Assets
GfxDevice: creating device client; threaded=0
2022-04-01 13:54:35.505 Unity[1212:47280] iMac preferred device: Intel(R) Iris(TM) Pro Graphics 6200 (low power)
2022-04-01 13:54:35.505 Unity[1212:47280] Metal devices available: 1
2022-04-01 13:54:35.505 Unity[1212:47280] 0: Intel(R) Iris(TM) Pro Graphics 6200 (low power)
2022-04-01 13:54:35.505 Unity[1212:47280] Using device Intel(R) Iris(TM) Pro Graphics 6200 (low power)
Initializing Metal device caps: Intel(R) Iris(TM) Pro Graphics 6200
Initialize mono
Mono path[0] = '/Applications/Unity/Hub/Editor/2020.3.32f1/Unity.app/Contents/Managed'
Mono path[1] = '/Applications/Unity/Hub/Editor/2020.3.32f1/Unity.app/Contents/MonoBleedingEdge/lib/mono/unityjit'
Mono config path = '/Applications/Unity/Hub/Editor/2020.3.32f1/Unity.app/Contents/MonoBleedingEdge/etc'
Using monoOptions --debugger-agent=transport=dt_socket,embedding=1,server=y,suspend=n,address=127.0.0.1:56212
Begin MonoManager ReloadAssembly
Registering precompiled unity dll's ...
Register platform support module: /Applications/Unity/Hub/Editor/2020.3.32f1/PlaybackEngines/WebGLSupport/UnityEditor.WebGL.Extensions.dll
Register platform support module: /Applications/Unity/Hub/Editor/2020.3.32f1/Unity.app/Contents/PlaybackEngines/MacStandaloneSupport/UnityEditor.OSXStandalone.Extensions.dll
Registered in 0.000742 seconds.
Native extension for OSXStandalone target not found
Native extension for WebGL target not found
Refreshing native plugins compatible for Editor in 49.25 ms, found 3 plugins.
Preloading 0 native plugins for Editor in 0.00 ms.
Mono: successfully reloaded assembly
- Completed reload, in  0.744 seconds
Domain Reload Profiling:
	ReloadAssembly (745ms)
		BeginReloadAssembly (51ms)
			ExecutionOrderSort (0ms)
			DisableScriptedObjects (0ms)
			BackupInstance (0ms)
			ReleaseScriptingObjects (0ms)
			CreateAndSetChildDomain (1ms)
		EndReloadAssembly (600ms)
			LoadAssemblies (51ms)
			RebuildTransferFunctionScriptingTraits (0ms)
			SetupTypeCache (223ms)
			ReleaseScriptCaches (0ms)
			RebuildScriptCaches (46ms)
			SetupLoadedEditorAssemblies (228ms)
				LogAssemblyErrors (0ms)
				InitializePlatformSupportModulesInManaged (7ms)
				SetLoadedEditorAssemblies (0ms)
				RefreshPlugins (49ms)
				BeforeProcessingInitializeOnLoad (9ms)
				ProcessInitializeOnLoadAttributes (127ms)
				ProcessInitializeOnLoadMethodAttributes (35ms)
				AfterProcessingInitializeOnLoad (0ms)
				EditorAssembliesLoaded (0ms)
			ExecutionOrderSort2 (0ms)
			AwakeInstancesAfterBackupRestoration (0ms)
Platform modules already initialized, skipping
Registering precompiled user dll's ...
Registered in 0.001481 seconds.
Begin MonoManager ReloadAssembly
Native extension for OSXStandalone target not found
Native extension for WebGL target not found
Refreshing native plugins compatible for Editor in 54.12 ms, found 3 plugins.
Preloading 0 native plugins for Editor in 0.00 ms.
Mono: successfully reloaded assembly
- Completed reload, in  1.398 seconds
Domain Reload Profiling:
	ReloadAssembly (1398ms)
		BeginReloadAssembly (183ms)
			ExecutionOrderSort (0ms)
			DisableScriptedObjects (6ms)
			BackupInstance (0ms)
			ReleaseScriptingObjects (0ms)
			CreateAndSetChildDomain (35ms)
		EndReloadAssembly (1140ms)
			LoadAssemblies (87ms)
			RebuildTransferFunctionScriptingTraits (0ms)
			SetupTypeCache (404ms)
			ReleaseScriptCaches (1ms)
			RebuildScriptCaches (69ms)
			SetupLoadedEditorAssemblies (423ms)
				LogAssemblyErrors (0ms)
				InitializePlatformSupportModulesInManaged (5ms)
				SetLoadedEditorAssemblies (0ms)
				RefreshPlugins (54ms)
				BeforeProcessingInitializeOnLoad (67ms)
				ProcessInitializeOnLoadAttributes (275ms)
				ProcessInitializeOnLoadMethodAttributes (20ms)
				AfterProcessingInitializeOnLoad (2ms)
				EditorAssembliesLoaded (0ms)
			ExecutionOrderSort2 (0ms)
			AwakeInstancesAfterBackupRestoration (8ms)
Platform modules already initialized, skipping
Validating Project structure ... 0.000756 seconds.
Shader import version has changed; will reimport all shaders...
Upgrading shader files ...0.000978 seconds.
Application.AssetDatabase Initial Script Refresh Start
RefreshInfo: InitialScriptRefreshV2(NoUpdateAssetOptions) scanfilter:  ... 1 filters
RefreshProfiler: Total: 0.000ms
Application.AssetDatabase Initial Script Refresh End
Application.AssetDatabase.Refresh Start
Application.AssetDatabase.Refresh End
RefreshInfo: StopAssetImportingV2(ForceSynchronousImport) scanfilter: 
RefreshProfiler: Total: 0.000ms
Launching external process: /Applications/Unity/Hub/Editor/2020.3.32f1/Unity.app/Contents/Tools/UnityShaderCompiler
Launched and connected shader compiler UnityShaderCompiler after 0.01 seconds
Initializing Unity extensions:
========================================================================
Worker process is ready to serve import requests
Refreshing native plugins compatible for Editor in 0.34 ms, found 3 plugins.
Preloading 0 native plugins for Editor in 0.00 ms.
Unloading 2202 Unused Serialized files (Serialized files now loaded: 0)
System memory in use before: 212.0 MB.
System memory in use after: 211.2 MB.

Unloading 105 unused Assets to reduce memory usage. Loaded Objects now: 2672.
Total: 3.813545 ms (FindLiveObjects: 0.176744 ms CreateObjectMapping: 0.115008 ms MarkObjects: 2.981796 ms  DeleteObjects: 0.539315 ms)

AssetImportParameters requested are different than current active one (requested -> active):
  custom:video-decoder-ogg-theora: a1e56fd34408186e4bbccfd4996cb3dc -> 
  custom:container-muxer-webm: aa71ff27fc2769a1b78a27578f13a17b -> 
  custom:container-demuxer-webm: 4f35f7cbe854078d1ac9338744f61a02 -> 
  custom:container-demuxer-ogg: 62fdf1f143b41e24485cea50d1cbac27 -> 
  custom:video-encoder-webm-vp8: eb34c28f22e8b96e1ab97ce403110664 -> 
  custom:framework-osx-AVFoundation: e770b220cccbd017edd2c1fefb359320 -> 
  custom:video-decoder-webm-vp8: 9c59270c3fd7afecdb556c50c9e8de78 -> 
  custom:audio-decoder-ogg-vorbis: bf7c407c2cedff20999df2af8eb42d56 -> 
  custom:audio-encoder-webm-vorbis: bf7c407c2cedff20999df2af8eb42d56 -> 
========================================================================
Received Import Request.
  path: Assets/Goblin/spritesheetfire.psd
  artifactKey: Guid(8508dda27326244d4a76b8bebfc930a4) Importer(815301076,1909f56bfc062723c751e8b465ee728b)
Start importing Assets/Goblin/spritesheetfire.psd using Guid(8508dda27326244d4a76b8bebfc930a4) Importer(815301076,1909f56bfc062723c751e8b465ee728b)  -> (artifact id: 'e5c50eb20cb2d44b38d1389235722b58') in 0.404405 seconds 
========================================================================
Received Import Request.
  Time since last request: 0.000296 seconds.
  path: Assets/Goblin/sprite sheet.psd
  artifactKey: Guid(c9e791254b9da4e00aeb56a8f0f21cc5) Importer(815301076,1909f56bfc062723c751e8b465ee728b)
Start importing Assets/Goblin/sprite sheet.psd using Guid(c9e791254b9da4e00aeb56a8f0f21cc5) Importer(815301076,1909f56bfc062723c751e8b465ee728b)  -> (artifact id: '460b9b9910eef2ee210955e8c2c1c003') in 0.040937 seconds 
========================================================================
Received Import Request.
  Time since last request: 0.000359 seconds.
  path: Assets/Goblin/spritesheetfire.png
  artifactKey: Guid(763ac53b7eebd43258f5864c07080fb8) Importer(815301076,1909f56bfc062723c751e8b465ee728b)
Start importing Assets/Goblin/spritesheetfire.png using Guid(763ac53b7eebd43258f5864c07080fb8) Importer(815301076,1909f56bfc062723c751e8b465ee728b)  -> (artifact id: 'bfb4b5d9b0f0069736f680fcd1f92039') in 0.702444 seconds 
========================================================================
Received Import Request.
  Time since last request: 167.245276 seconds.
  path: Assets/Goblin/sprite sheet.psd
  artifactKey: Guid(c9e791254b9da4e00aeb56a8f0f21cc5) Importer(815301076,1909f56bfc062723c751e8b465ee728b)
Start importing Assets/Goblin/sprite sheet.psd using Guid(c9e791254b9da4e00aeb56a8f0f21cc5) Importer(815301076,1909f56bfc062723c751e8b465ee728b)  -> (artifact id: '8b909cb821cc3bb18dabcf8fc2f526f0') in 0.027452 seconds 
========================================================================
Received Import Request.
  Time since last request: 42.214484 seconds.
  path: Assets/Goblin/Goblin.anim
  artifactKey: Guid(b49d0672428b44ee8a516bf8ec3233ab) Importer(815301076,1909f56bfc062723c751e8b465ee728b)
Start importing Assets/Goblin/Goblin.anim using Guid(b49d0672428b44ee8a516bf8ec3233ab) Importer(815301076,1909f56bfc062723c751e8b465ee728b)  -> (artifact id: '046c0ef2a4000d107b52546afd8bee7b') in 0.970314 seconds 
========================================================================
Received Import Request.
  Time since last request: 6.812181 seconds.
  path: Assets/Goblin/sprite sheet_0 1.controller
  artifactKey: Guid(def02f6566244419b891a0e4d6bbd983) Importer(815301076,1909f56bfc062723c751e8b465ee728b)
Start importing Assets/Goblin/sprite sheet_0 1.controller using Guid(def02f6566244419b891a0e4d6bbd983) Importer(815301076,1909f56bfc062723c751e8b465ee728b)  -> (artifact id: '10e1c1a0ff5132147f7a92b9de520092') in 0.308513 seconds 
========================================================================
Received Import Request.
  Time since last request: 0.292642 seconds.
  path: Assets/Goblin/sprite sheet_0.controller
  artifactKey: Guid(c53de6d07e46f4eaf933a07b5a855472) Importer(815301076,1909f56bfc062723c751e8b465ee728b)
Start importing Assets/Goblin/sprite sheet_0.controller using Guid(c53de6d07e46f4eaf933a07b5a855472) Importer(815301076,1909f56bfc062723c751e8b465ee728b)  -> (artifact id: '9fd984395f0c44815fb85279dc4a899a') in 0.007319 seconds 
========================================================================
Received Import Request.
  Time since last request: 2.290497 seconds.
  path: Assets/Goblin/spritesheetfire_0.controller
  artifactKey: Guid(d3e44f94b8e1140539faf45843c565f3) Importer(815301076,1909f56bfc062723c751e8b465ee728b)
Start importing Assets/Goblin/spritesheetfire_0.controller using Guid(d3e44f94b8e1140539faf45843c565f3) Importer(815301076,1909f56bfc062723c751e8b465ee728b)  -> (artifact id: '33e6056178423a755f6998efa8114cfd') in 0.005750 seconds 
========================================================================
Received Prepare
Registering precompiled user dll's ...
Registered in 0.001396 seconds.
Begin MonoManager ReloadAssembly
Native extension for OSXStandalone target not found
Native extension for WebGL target not found
Refreshing native plugins compatible for Editor in 0.66 ms, found 3 plugins.
Preloading 0 native plugins for Editor in 0.00 ms.
Mono: successfully reloaded assembly
- Completed reload, in  1.443 seconds
Domain Reload Profiling:
	ReloadAssembly (1444ms)
		BeginReloadAssembly (156ms)
			ExecutionOrderSort (0ms)
			DisableScriptedObjects (7ms)
			BackupInstance (0ms)
			ReleaseScriptingObjects (0ms)
			CreateAndSetChildDomain (81ms)
		EndReloadAssembly (1206ms)
			LoadAssemblies (94ms)
			RebuildTransferFunctionScriptingTraits (0ms)
			SetupTypeCache (436ms)
			ReleaseScriptCaches (1ms)
			RebuildScriptCaches (69ms)
			SetupLoadedEditorAssemblies (422ms)
				LogAssemblyErrors (0ms)
				InitializePlatformSupportModulesInManaged (7ms)
				SetLoadedEditorAssemblies (1ms)
				RefreshPlugins (1ms)
				BeforeProcessingInitializeOnLoad (123ms)
				ProcessInitializeOnLoadAttributes (274ms)
				ProcessInitializeOnLoadMethodAttributes (15ms)
				AfterProcessingInitializeOnLoad (2ms)
				EditorAssembliesLoaded (0ms)
			ExecutionOrderSort2 (0ms)
			AwakeInstancesAfterBackupRestoration (13ms)
Platform modules already initialized, skipping
Refreshing native plugins compatible for Editor in 0.42 ms, found 3 plugins.
Preloading 0 native plugins for Editor in 0.00 ms.
Unloading 2196 Unused Serialized files (Serialized files now loaded: 0)
System memory in use before: 229.1 MB.
System memory in use after: 229.1 MB.

Unloading 21 unused Assets to reduce memory usage. Loaded Objects now: 2690.
Total: 3.274962 ms (FindLiveObjects: 0.136867 ms CreateObjectMapping: 0.067905 ms MarkObjects: 2.917499 ms  DeleteObjects: 0.151061 ms)

AssetImportParameters requested are different than current active one (requested -> active):
  custom:video-decoder-ogg-theora: a1e56fd34408186e4bbccfd4996cb3dc -> 
  custom:container-muxer-webm: aa71ff27fc2769a1b78a27578f13a17b -> 
  custom:container-demuxer-webm: 4f35f7cbe854078d1ac9338744f61a02 -> 
  custom:container-demuxer-ogg: 62fdf1f143b41e24485cea50d1cbac27 -> 
  custom:video-encoder-webm-vp8: eb34c28f22e8b96e1ab97ce403110664 -> 
  custom:framework-osx-AVFoundation: e770b220cccbd017edd2c1fefb359320 -> 
  custom:video-decoder-webm-vp8: 9c59270c3fd7afecdb556c50c9e8de78 -> 
  custom:audio-decoder-ogg-vorbis: bf7c407c2cedff20999df2af8eb42d56 -> 
  custom:audio-encoder-webm-vorbis: bf7c407c2cedff20999df2af8eb42d56 -> 
AssetImportWorkerClient::OnTransportError - code=2 error=End of file
